{
  "RSpec": {
    "coverage": {
      "/home/njongefred/Rails/tracker/app/helpers/accounts_helper.rb": {
        "lines": [
          1,
          null
        ]
      },
      "/home/njongefred/Rails/tracker/app/helpers/activity_helper.rb": {
        "lines": [
          null,
          null,
          1,
          null
        ]
      },
      "/home/njongefred/Rails/tracker/app/helpers/application_helper.rb": {
        "lines": [
          null,
          null,
          1,
          1,
          null,
          null,
          null,
          null,
          null,
          null,
          1,
          20,
          9,
          null,
          9,
          null,
          9,
          null,
          9,
          null,
          null,
          null,
          null,
          null,
          null,
          null,
          1,
          null,
          1,
          null,
          9,
          null,
          null
        ]
      },
      "/home/njongefred/Rails/tracker/app/models/account.rb": {
        "lines": [
          null,
          null,
          1,
          1,
          null,
          1,
          null
        ]
      },
      "/home/njongefred/Rails/tracker/app/models/application_record.rb": {
        "lines": [
          null,
          null,
          1,
          1,
          1,
          null
        ]
      },
      "/home/njongefred/Rails/tracker/app/models/user.rb": {
        "lines": [
          null,
          null,
          1,
          null,
          null,
          1,
          null,
          null,
          1,
          null
        ]
      },
      "/home/njongefred/Rails/tracker/app/controllers/accounts_controller.rb": {
        "lines": [
          null,
          null,
          1,
          1,
          4,
          null,
          4,
          null,
          null,
          1,
          4,
          null,
          4,
          2,
          2,
          2,
          null,
          2,
          null,
          null,
          null,
          1,
          null,
          1,
          4,
          null,
          null
        ]
      },
      "/home/njongefred/Rails/tracker/app/controllers/application_controller.rb": {
        "lines": [
          null,
          null,
          1,
          null,
          1,
          null,
          1,
          1,
          null,
          1,
          null,
          1,
          20,
          10,
          null,
          10,
          null,
          null,
          null
        ]
      },
      "/home/njongefred/Rails/tracker/app/controllers/activity_controller.rb": {
        "lines": [
          null,
          null,
          1,
          1,
          null,
          null,
          1,
          null,
          null
        ]
      },
      "/home/njongefred/Rails/tracker/app/controllers/registrations_controller.rb": {
        "lines": [
          null,
          null,
          1,
          1,
          null,
          1,
          null,
          1,
          6,
          null,
          null,
          1,
          2,
          null,
          null
        ]
      },
      "/home/njongefred/Rails/tracker/app/jobs/application_job.rb": {
        "lines": [
          null,
          null,
          0,
          null,
          null,
          null,
          null,
          null,
          0
        ],
        "branches": {}
      },
      "/home/njongefred/Rails/tracker/app/mailers/application_mailer.rb": {
        "lines": [
          null,
          null,
          0,
          0,
          0,
          0
        ],
        "branches": {}
      }
    },
    "timestamp": 1772994913
  }
}
