{
  "RSpec": {
    "coverage": {
      "/home/njongefred/Rails/tracker/app/helpers/activity_helper.rb": {
        "lines": [
          null,
          null,
          1,
          null
        ]
      },
      "/home/njongefred/Rails/tracker/app/helpers/application_helper.rb": {
        "lines": [
          null,
          null,
          1,
          null
        ]
      },
      "/home/njongefred/Rails/tracker/app/models/user.rb": {
        "lines": [
          1,
          null,
          null,
          1,
          null,
          null
        ]
      },
      "/home/njongefred/Rails/tracker/app/models/application_record.rb": {
        "lines": [
          null,
          null,
          1,
          1,
          1,
          null
        ]
      },
      "/home/njongefred/Rails/tracker/app/controllers/activity_controller.rb": {
        "lines": [
          null,
          null,
          1,
          1,
          null,
          null,
          1,
          null,
          null
        ]
      },
      "/home/njongefred/Rails/tracker/app/controllers/application_controller.rb": {
        "lines": [
          null,
          null,
          1,
          null,
          1,
          null
        ]
      },
      "/home/njongefred/Rails/tracker/app/jobs/application_job.rb": {
        "lines": [
          null,
          null,
          0,
          null,
          null,
          null,
          null,
          null,
          0
        ],
        "branches": {}
      },
      "/home/njongefred/Rails/tracker/app/mailers/application_mailer.rb": {
        "lines": [
          null,
          null,
          0,
          0,
          0,
          0
        ],
        "branches": {}
      }
    },
    "timestamp": 1772981517
  }
}
